[2019-10-15 19:42:42 *9915.7]	WARNING	swSignalfd_onSignal (ERRNO 707): Unable to find callback function for signal Hangup: 1
[2019-10-15 19:42:42 *9914.6]	WARNING	swSignalfd_onSignal (ERRNO 707): Unable to find callback function for signal Hangup: 1
[2019-10-15 19:42:42 *9913.5]	WARNING	swSignalfd_onSignal (ERRNO 707): Unable to find callback function for signal Hangup: 1
[2019-10-15 19:42:42 *9912.4]	WARNING	swSignalfd_onSignal (ERRNO 707): Unable to find callback function for signal Hangup: 1
[2019-10-15 19:42:42 *9911.3]	WARNING	swSignalfd_onSignal (ERRNO 707): Unable to find callback function for signal Hangup: 1
[2019-10-15 19:42:42 *9910.2]	WARNING	swSignalfd_onSignal (ERRNO 707): Unable to find callback function for signal Hangup: 1
[2019-10-15 19:42:42 *9909.1]	WARNING	swSignalfd_onSignal (ERRNO 707): Unable to find callback function for signal Hangup: 1
[2019-10-15 19:42:42 *9908.0]	WARNING	swSignalfd_onSignal (ERRNO 707): Unable to find callback function for signal Hangup: 1
[2019-10-15 19:42:42 $9906.0]	WARNING	swSignal_callback (ERRNO 707): Unable to find callback function for signal Hangup: 1
[2019-10-15 19:42:42 #9905.1]	WARNING	swSignalfd_onSignal (ERRNO 707): Unable to find callback function for signal Hangup: 1
[2019-10-15 19:42:42 #9905.1]	WARNING	swSignalfd_onSignal (ERRNO 707): Unable to find callback function for signal Hangup: 1
[2019-10-15 19:42:42 *9908.0]	WARNING	swSignalfd_onSignal (ERRNO 707): Unable to find callback function for signal Hangup: 1
[2019-10-15 19:42:42 *9909.1]	WARNING	swSignalfd_onSignal (ERRNO 707): Unable to find callback function for signal Hangup: 1
[2019-10-15 19:42:42 *9911.3]	WARNING	swSignalfd_onSignal (ERRNO 707): Unable to find callback function for signal Hangup: 1
[2019-10-15 19:42:42 *9913.5]	WARNING	swSignalfd_onSignal (ERRNO 707): Unable to find callback function for signal Hangup: 1
[2019-10-15 19:42:42 *9914.6]	WARNING	swSignalfd_onSignal (ERRNO 707): Unable to find callback function for signal Hangup: 1
[2019-10-15 19:42:42 *9910.2]	WARNING	swSignalfd_onSignal (ERRNO 707): Unable to find callback function for signal Hangup: 1
[2019-10-15 19:42:42 *9912.4]	WARNING	swSignalfd_onSignal (ERRNO 707): Unable to find callback function for signal Hangup: 1
[2019-10-15 19:42:42 *9915.7]	WARNING	swSignalfd_onSignal (ERRNO 707): Unable to find callback function for signal Hangup: 1
[2019-10-15 19:42:42 $9906.0]	WARNING	swSignal_callback (ERRNO 707): Unable to find callback function for signal Hangup: 1
[2019-10-15 19:42:42 $9906.0]	WARNING	swManager_check_exit_status: worker#8[pid=9916] abnormal exit, status=0, signal=1
[2019-10-15 19:42:42 $9906.0]	WARNING	swManager_check_exit_status: worker#9[pid=9917] abnormal exit, status=0, signal=1
[2019-10-15 19:42:42 $9906.0]	WARNING	swManager_check_exit_status: worker#10[pid=9918] abnormal exit, status=0, signal=1
[2019-10-15 19:42:42 $9906.0]	WARNING	swManager_check_exit_status: worker#11[pid=9919] abnormal exit, status=0, signal=1
[2019-10-16 09:39:30 #9905.1]	INFO	Server is shutdown now
